[INFO] Scanning for projects...
[INFO]                                                                         
[INFO] ------------------------------------------------------------------------
[INFO] Building trainsProject Maven Webapp 1.0-SNAPSHOT
[INFO] ------------------------------------------------------------------------
[INFO] 
[INFO] --- maven-clean-plugin:3.0.0:clean (default-clean) @ trainsProject ---
[INFO] Deleting /home/maria/IdeaProjects/trainsProject/target
[INFO] 
[INFO] --- maven-resources-plugin:3.0.2:resources (default-resources) @ trainsProject ---
[INFO] Using 'UTF-8' encoding to copy filtered resources.
[INFO] Copying 2 resources
[INFO] 
[INFO] --- maven-compiler-plugin:3.7.0:compile (default-compile) @ trainsProject ---
[INFO] Changes detected - recompiling the module!
[INFO] Compiling 62 source files to /home/maria/IdeaProjects/trainsProject/target/classes
[INFO] /home/maria/IdeaProjects/trainsProject/src/main/java/com/tsystems/trainsProject/config/WebConfig.java: Some input files use or override a deprecated API.
[INFO] /home/maria/IdeaProjects/trainsProject/src/main/java/com/tsystems/trainsProject/config/WebConfig.java: Recompile with -Xlint:deprecation for details.
[INFO] /home/maria/IdeaProjects/trainsProject/src/main/java/com/tsystems/trainsProject/dao/impl/PassangerDAOImpl.java: Some input files use unchecked or unsafe operations.
[INFO] /home/maria/IdeaProjects/trainsProject/src/main/java/com/tsystems/trainsProject/dao/impl/PassangerDAOImpl.java: Recompile with -Xlint:unchecked for details.
[INFO] 
[INFO] --- maven-resources-plugin:3.0.2:testResources (default-testResources) @ trainsProject ---
[INFO] Using 'UTF-8' encoding to copy filtered resources.
[INFO] skip non existing resourceDirectory /home/maria/IdeaProjects/trainsProject/src/test/resources
[INFO] 
[INFO] --- maven-compiler-plugin:3.7.0:testCompile (default-testCompile) @ trainsProject ---
[INFO] Changes detected - recompiling the module!
[INFO] Compiling 1 source file to /home/maria/IdeaProjects/trainsProject/target/test-classes
[INFO] 
[INFO] --- maven-surefire-plugin:2.20.1:test (default-test) @ trainsProject ---
[INFO] 
[INFO] -------------------------------------------------------
[INFO]  T E S T S
[INFO] -------------------------------------------------------
[INFO] 
[INFO] Results:
[INFO] 
[INFO] Tests run: 0, Failures: 0, Errors: 0, Skipped: 0
[INFO] 
[INFO] ------------------------------------------------------------------------
[INFO] BUILD FAILURE
[INFO] ------------------------------------------------------------------------
[INFO] Total time: 4.136 s
[INFO] Finished at: 2018-11-06T22:34:35+00:00
[INFO] Final Memory: 23M/251M
[INFO] ------------------------------------------------------------------------
[ERROR] Failed to execute goal org.apache.maven.plugins:maven-surefire-plugin:2.20.1:test (default-test) on project trainsProject: There are test failures.
[ERROR] 
[ERROR] Please refer to /home/maria/IdeaProjects/trainsProject/target/surefire-reports for the individual test results.
[ERROR] Please refer to dump files (if any exist) [date]-jvmRun[N].dump, [date].dumpstream and [date]-jvmRun[N].dumpstream.
[ERROR] The forked VM terminated without properly saying goodbye. VM crash or System.exit called?
[ERROR] Command was /bin/sh -c cd /home/maria/IdeaProjects/trainsProject && /usr/lib/jvm/java-8-openjdk-amd64/jre/bin/java -jar /home/maria/IdeaProjects/trainsProject/target/surefire/surefirebooter3293688620203451054.jar /home/maria/IdeaProjects/trainsProject/target/surefire 2018-11-06T22-34-34_921-jvmRun1 surefire2243224051201243325tmp surefire_09074518444096039016tmp
[ERROR] Error occurred in starting fork, check output in log
[ERROR] Process Exit Code: 1
[ERROR] org.apache.maven.surefire.booter.SurefireBooterForkException: The forked VM terminated without properly saying goodbye. VM crash or System.exit called?
[ERROR] Command was /bin/sh -c cd /home/maria/IdeaProjects/trainsProject && /usr/lib/jvm/java-8-openjdk-amd64/jre/bin/java -jar /home/maria/IdeaProjects/trainsProject/target/surefire/surefirebooter3293688620203451054.jar /home/maria/IdeaProjects/trainsProject/target/surefire 2018-11-06T22-34-34_921-jvmRun1 surefire2243224051201243325tmp surefire_09074518444096039016tmp
[ERROR] Error occurred in starting fork, check output in log
[ERROR] Process Exit Code: 1
[ERROR] at org.apache.maven.plugin.surefire.booterclient.ForkStarter.fork(ForkStarter.java:686)
[ERROR] at org.apache.maven.plugin.surefire.booterclient.ForkStarter.fork(ForkStarter.java:535)
[ERROR] at org.apache.maven.plugin.surefire.booterclient.ForkStarter.run(ForkStarter.java:280)
[ERROR] at org.apache.maven.plugin.surefire.booterclient.ForkStarter.run(ForkStarter.java:245)
[ERROR] at org.apache.maven.plugin.surefire.AbstractSurefireMojo.executeProvider(AbstractSurefireMojo.java:1124)
[ERROR] at org.apache.maven.plugin.surefire.AbstractSurefireMojo.executeAfterPreconditionsChecked(AbstractSurefireMojo.java:954)
[ERROR] at org.apache.maven.plugin.surefire.AbstractSurefireMojo.execute(AbstractSurefireMojo.java:832)
[ERROR] at org.apache.maven.plugin.DefaultBuildPluginManager.executeMojo(DefaultBuildPluginManager.java:134)
[ERROR] at org.apache.maven.lifecycle.internal.MojoExecutor.execute(MojoExecutor.java:207)
[ERROR] at org.apache.maven.lifecycle.internal.MojoExecutor.execute(MojoExecutor.java:153)
[ERROR] at org.apache.maven.lifecycle.internal.MojoExecutor.execute(MojoExecutor.java:145)
[ERROR] at org.apache.maven.lifecycle.internal.LifecycleModuleBuilder.buildProject(LifecycleModuleBuilder.java:116)
[ERROR] at org.apache.maven.lifecycle.internal.LifecycleModuleBuilder.buildProject(LifecycleModuleBuilder.java:80)
[ERROR] at org.apache.maven.lifecycle.internal.builder.singlethreaded.SingleThreadedBuilder.build(SingleThreadedBuilder.java:51)
[ERROR] at org.apache.maven.lifecycle.internal.LifecycleStarter.execute(LifecycleStarter.java:128)
[ERROR] at org.apache.maven.DefaultMaven.doExecute(DefaultMaven.java:307)
[ERROR] at org.apache.maven.DefaultMaven.doExecute(DefaultMaven.java:193)
[ERROR] at org.apache.maven.DefaultMaven.execute(DefaultMaven.java:106)
[ERROR] at org.apache.maven.cli.MavenCli.execute(MavenCli.java:863)
[ERROR] at org.apache.maven.cli.MavenCli.doMain(MavenCli.java:288)
[ERROR] at org.apache.maven.cli.MavenCli.main(MavenCli.java:199)
[ERROR] at sun.reflect.NativeMethodAccessorImpl.invoke0(Native Method)
[ERROR] at sun.reflect.NativeMethodAccessorImpl.invoke(NativeMethodAccessorImpl.java:62)
[ERROR] at sun.reflect.DelegatingMethodAccessorImpl.invoke(DelegatingMethodAccessorImpl.java:43)
[ERROR] at java.lang.reflect.Method.invoke(Method.java:498)
[ERROR] at org.codehaus.plexus.classworlds.launcher.Launcher.launchEnhanced(Launcher.java:289)
[ERROR] at org.codehaus.plexus.classworlds.launcher.Launcher.launch(Launcher.java:229)
[ERROR] at org.codehaus.plexus.classworlds.launcher.Launcher.mainWithExitCode(Launcher.java:415)
[ERROR] at org.codehaus.plexus.classworlds.launcher.Launcher.main(Launcher.java:356)
[ERROR] -> [Help 1]
[ERROR] 
[ERROR] To see the full stack trace of the errors, re-run Maven with the -e switch.
[ERROR] Re-run Maven using the -X switch to enable full debug logging.
[ERROR] 
[ERROR] For more information about the errors and possible solutions, please read the following articles:
[ERROR] [Help 1] http://cwiki.apache.org/confluence/display/MAVEN/MojoExecutionException
