# JRE version: Java(TM) SE Runtime Environment (8.0_121-b13) (build 1.8.0_121-b13)
# Java VM: Java HotSpot(TM) 64-Bit Server VM (25.121-b13 mixed mode windows-amd64 compressed oops)
Heap:
 PSYoungGen      total 138240K, used 118432K [0x00000000d5f00000, 0x00000000e7b00000, 0x0000000100000000)
  eden space 133120K, 88% used [0x00000000d5f00000,0x00000000dd2a8380,0x00000000de100000)
  from space 5120K, 0% used [0x00000000de100000,0x00000000de100000,0x00000000de600000)
  to   space 12288K, 0% used [0x00000000e6f00000,0x00000000e6f00000,0x00000000e7b00000)
 ParOldGen       total 66048K, used 12233K [0x0000000081c00000, 0x0000000085c80000, 0x00000000d5f00000)
  object space 66048K, 18% used [0x0000000081c00000,0x00000000827f2440,0x0000000085c80000)
 Metaspace       used 24043K, capacity 24560K, committed 24704K, reserved 1071104K
  class space    used 2754K, capacity 2916K, committed 2944K, reserved 1048576K
GC Heap History (10 events):
Event: 1.328 GC heap before
{Heap before GC invocations=2 (full 0):
 PSYoungGen      total 38400K, used 37883K [0x00000000d5f00000, 0x00000000daa00000, 0x0000000100000000)
  eden space 33280K, 100% used [0x00000000d5f00000,0x00000000d7f80000,0x00000000d7f80000)
  from space 5120K, 89% used [0x00000000d7f80000,0x00000000d83fef00,0x00000000d8480000)
  to   space 5120K, 0% used [0x00000000da500000,0x00000000da500000,0x00000000daa00000)
 ParOldGen       total 87552K, used 8K [0x0000000081c00000, 0x0000000087180000, 0x00000000d5f00000)
  object space 87552K, 0% used [0x0000000081c00000,0x0000000081c02000,0x0000000087180000)
 Metaspace       used 11631K, capacity 11848K, committed 12160K, reserved 1060864K
  class space    used 1460K, capacity 1544K, committed 1664K, reserved 1048576K
Event: 1.336 GC heap after
Heap after GC invocations=2 (full 0):
 PSYoungGen      total 71680K, used 5102K [0x00000000d5f00000, 0x00000000daa00000, 0x0000000100000000)
  eden space 66560K, 0% used [0x00000000d5f00000,0x00000000d5f00000,0x00000000da000000)
  from space 5120K, 99% used [0x00000000da500000,0x00000000da9fbb88,0x00000000daa00000)
  to   space 5120K, 0% used [0x00000000da000000,0x00000000da000000,0x00000000da500000)
 ParOldGen       total 87552K, used 1546K [0x0000000081c00000, 0x0000000087180000, 0x00000000d5f00000)
  object space 87552K, 1% used [0x0000000081c00000,0x0000000081d82938,0x0000000087180000)
 Metaspace       used 11631K, capacity 11848K, committed 12160K, reserved 1060864K
  class space    used 1460K, capacity 1544K, committed 1664K, reserved 1048576K
}
Event: 2.948 GC heap before
{Heap before GC invocations=3 (full 0):
 PSYoungGen      total 71680K, used 71662K [0x00000000d5f00000, 0x00000000daa00000, 0x0000000100000000)
  eden space 66560K, 100% used [0x00000000d5f00000,0x00000000da000000,0x00000000da000000)
  from space 5120K, 99% used [0x00000000da500000,0x00000000da9fbb88,0x00000000daa00000)
  to   space 5120K, 0% used [0x00000000da000000,0x00000000da000000,0x00000000da500000)
 ParOldGen       total 87552K, used 1546K [0x0000000081c00000, 0x0000000087180000, 0x00000000d5f00000)
  object space 87552K, 1% used [0x0000000081c00000,0x0000000081d82938,0x0000000087180000)
 Metaspace       used 15526K, capacity 15832K, committed 16128K, reserved 1062912K
  class space    used 1879K, capacity 1952K, committed 2048K, reserved 1048576K
Event: 2.967 GC heap after
Heap after GC invocations=3 (full 0):
 PSYoungGen      total 71680K, used 5088K [0x00000000d5f00000, 0x00000000deb00000, 0x0000000100000000)
  eden space 66560K, 0% used [0x00000000d5f00000,0x00000000d5f00000,0x00000000da000000)
  from space 5120K, 99% used [0x00000000da000000,0x00000000da4f8020,0x00000000da500000)
  to   space 5120K, 0% used [0x00000000de600000,0x00000000de600000,0x00000000deb00000)
 ParOldGen       total 87552K, used 6521K [0x0000000081c00000, 0x0000000087180000, 0x00000000d5f00000)
  object space 87552K, 7% used [0x0000000081c00000,0x000000008225e668,0x0000000087180000)
 Metaspace       used 15526K, capacity 15832K, committed 16128K, reserved 1062912K
  class space    used 1879K, capacity 1952K, committed 2048K, reserved 1048576K
}
Event: 5.967 GC heap before
{Heap before GC invocations=4 (full 0):
 PSYoungGen      total 71680K, used 71648K [0x00000000d5f00000, 0x00000000deb00000, 0x0000000100000000)
  eden space 66560K, 100% used [0x00000000d5f00000,0x00000000da000000,0x00000000da000000)
  from space 5120K, 99% used [0x00000000da000000,0x00000000da4f8020,0x00000000da500000)
  to   space 5120K, 0% used [0x00000000de600000,0x00000000de600000,0x00000000deb00000)
 ParOldGen       total 87552K, used 6521K [0x0000000081c00000, 0x0000000087180000, 0x00000000d5f00000)
  object space 87552K, 7% used [0x0000000081c00000,0x000000008225e668,0x0000000087180000)
 Metaspace       used 19671K, capacity 20144K, committed 20224K, reserved 1067008K
  class space    used 2389K, capacity 2532K, committed 2560K, reserved 1048576K
Event: 5.995 GC heap after
Heap after GC invocations=4 (full 0):
 PSYoungGen      total 138240K, used 5104K [0x00000000d5f00000, 0x00000000deb00000, 0x0000000100000000)
  eden space 133120K, 0% used [0x00000000d5f00000,0x00000000d5f00000,0x00000000de100000)
  from space 5120K, 99% used [0x00000000de600000,0x00000000deafc010,0x00000000deb00000)
  to   space 5120K, 0% used [0x00000000de100000,0x00000000de100000,0x00000000de600000)
 ParOldGen       total 87552K, used 11300K [0x0000000081c00000, 0x0000000087180000, 0x00000000d5f00000)
  object space 87552K, 12% used [0x0000000081c00000,0x00000000827093d0,0x0000000087180000)
 Metaspace       used 19671K, capacity 20144K, committed 20224K, reserved 1067008K
  class space    used 2389K, capacity 2532K, committed 2560K, reserved 1048576K
}
Event: 6.100 GC heap before
{Heap before GC invocations=5 (full 0):
 PSYoungGen      total 138240K, used 10317K [0x00000000d5f00000, 0x00000000deb00000, 0x0000000100000000)
  eden space 133120K, 3% used [0x00000000d5f00000,0x00000000d6417708,0x00000000de100000)
  from space 5120K, 99% used [0x00000000de600000,0x00000000deafc010,0x00000000deb00000)
  to   space 5120K, 0% used [0x00000000de100000,0x00000000de100000,0x00000000de600000)
 ParOldGen       total 87552K, used 11300K [0x0000000081c00000, 0x0000000087180000, 0x00000000d5f00000)
  object space 87552K, 12% used [0x0000000081c00000,0x00000000827093d0,0x0000000087180000)
 Metaspace       used 20708K, capacity 21168K, committed 21296K, reserved 1069056K
  class space    used 2511K, capacity 2660K, committed 2688K, reserved 1048576K
Event: 6.120 GC heap after
Heap after GC invocations=5 (full 0):
 PSYoungGen      total 138240K, used 5104K [0x00000000d5f00000, 0x00000000e7b00000, 0x0000000100000000)
  eden space 133120K, 0% used [0x00000000d5f00000,0x00000000d5f00000,0x00000000de100000)
  from space 5120K, 99% used [0x00000000de100000,0x00000000de5fc010,0x00000000de600000)
  to   space 12288K, 0% used [0x00000000e6f00000,0x00000000e6f00000,0x00000000e7b00000)
 ParOldGen       total 87552K, used 11662K [0x0000000081c00000, 0x0000000087180000, 0x00000000d5f00000)
  object space 87552K, 13% used [0x0000000081c00000,0x0000000082763bd8,0x0000000087180000)
 Metaspace       used 20708K, capacity 21168K, committed 21296K, reserved 1069056K
  class space    used 2511K, capacity 2660K, committed 2688K, reserved 1048576K
}
Event: 6.120 GC heap before
{Heap before GC invocations=6 (full 1):
 PSYoungGen      total 138240K, used 5104K [0x00000000d5f00000, 0x00000000e7b00000, 0x0000000100000000)
  eden space 133120K, 0% used [0x00000000d5f00000,0x00000000d5f00000,0x00000000de100000)
  from space 5120K, 99% used [0x00000000de100000,0x00000000de5fc010,0x00000000de600000)
  to   space 12288K, 0% used [0x00000000e6f00000,0x00000000e6f00000,0x00000000e7b00000)
 ParOldGen       total 87552K, used 11662K [0x0000000081c00000, 0x0000000087180000, 0x00000000d5f00000)
  object space 87552K, 13% used [0x0000000081c00000,0x0000000082763bd8,0x0000000087180000)
 Metaspace       used 20708K, capacity 21168K, committed 21296K, reserved 1069056K
  class space    used 2511K, capacity 2660K, committed 2688K, reserved 1048576K
Event: 6.310 GC heap after
Heap after GC invocations=6 (full 1):
 PSYoungGen      total 138240K, used 0K [0x00000000d5f00000, 0x00000000e7b00000, 0x0000000100000000)
  eden space 133120K, 0% used [0x00000000d5f00000,0x00000000d5f00000,0x00000000de100000)
  from space 5120K, 0% used [0x00000000de100000,0x00000000de100000,0x00000000de600000)
  to   space 12288K, 0% used [0x00000000e6f00000,0x00000000e6f00000,0x00000000e7b00000)
 ParOldGen       total 66048K, used 12233K [0x0000000081c00000, 0x0000000085c80000, 0x00000000d5f00000)
  object space 66048K, 18% used [0x0000000081c00000,0x00000000827f2440,0x0000000085c80000)
 Metaspace       used 20708K, capacity 21168K, committed 21296K, reserved 1069056K
  class space    used 2511K, capacity 2660K, committed 2688K, reserved 1048576K
}

