# JRE version: Java(TM) SE Runtime Environment (8.0_121-b13) (build 1.8.0_121-b13)
# Java VM: Java HotSpot(TM) 64-Bit Server VM (25.121-b13 mixed mode windows-amd64 compressed oops)
Heap:
 PSYoungGen      total 138240K, used 68141K [0x00000000d5f00000, 0x00000000e7b00000, 0x0000000100000000)
  eden space 133120K, 51% used [0x00000000d5f00000,0x00000000da18b570,0x00000000de100000)
  from space 5120K, 0% used [0x00000000de100000,0x00000000de100000,0x00000000de600000)
  to   space 12288K, 0% used [0x00000000e6f00000,0x00000000e6f00000,0x00000000e7b00000)
 ParOldGen       total 68608K, used 14610K [0x0000000081c00000, 0x0000000085f00000, 0x00000000d5f00000)
  object space 68608K, 21% used [0x0000000081c00000,0x0000000082a44ba0,0x0000000085f00000)
 Metaspace       used 21887K, capacity 22412K, committed 22704K, reserved 1069056K
  class space    used 2605K, capacity 2754K, committed 2816K, reserved 1048576K
GC Heap History (10 events):
Event: 1.852 GC heap before
{Heap before GC invocations=2 (full 0):
 PSYoungGen      total 38400K, used 37844K [0x00000000d5f00000, 0x00000000daa00000, 0x0000000100000000)
  eden space 33280K, 100% used [0x00000000d5f00000,0x00000000d7f80000,0x00000000d7f80000)
  from space 5120K, 89% used [0x00000000d7f80000,0x00000000d83f5160,0x00000000d8480000)
  to   space 5120K, 0% used [0x00000000da500000,0x00000000da500000,0x00000000daa00000)
 ParOldGen       total 87552K, used 0K [0x0000000081c00000, 0x0000000087180000, 0x00000000d5f00000)
  object space 87552K, 0% used [0x0000000081c00000,0x0000000081c00000,0x0000000087180000)
 Metaspace       used 11649K, capacity 11860K, committed 12160K, reserved 1060864K
  class space    used 1459K, capacity 1544K, committed 1664K, reserved 1048576K
Event: 1.862 GC heap after
Heap after GC invocations=2 (full 0):
 PSYoungGen      total 71680K, used 5090K [0x00000000d5f00000, 0x00000000daa00000, 0x0000000100000000)
  eden space 66560K, 0% used [0x00000000d5f00000,0x00000000d5f00000,0x00000000da000000)
  from space 5120K, 99% used [0x00000000da500000,0x00000000da9f88f0,0x00000000daa00000)
  to   space 5120K, 0% used [0x00000000da000000,0x00000000da000000,0x00000000da500000)
 ParOldGen       total 87552K, used 1541K [0x0000000081c00000, 0x0000000087180000, 0x00000000d5f00000)
  object space 87552K, 1% used [0x0000000081c00000,0x0000000081d81778,0x0000000087180000)
 Metaspace       used 11649K, capacity 11860K, committed 12160K, reserved 1060864K
  class space    used 1459K, capacity 1544K, committed 1664K, reserved 1048576K
}
Event: 4.567 GC heap before
{Heap before GC invocations=3 (full 0):
 PSYoungGen      total 71680K, used 71650K [0x00000000d5f00000, 0x00000000daa00000, 0x0000000100000000)
  eden space 66560K, 100% used [0x00000000d5f00000,0x00000000da000000,0x00000000da000000)
  from space 5120K, 99% used [0x00000000da500000,0x00000000da9f88f0,0x00000000daa00000)
  to   space 5120K, 0% used [0x00000000da000000,0x00000000da000000,0x00000000da500000)
 ParOldGen       total 87552K, used 1541K [0x0000000081c00000, 0x0000000087180000, 0x00000000d5f00000)
  object space 87552K, 1% used [0x0000000081c00000,0x0000000081d81778,0x0000000087180000)
 Metaspace       used 15537K, capacity 15844K, committed 16128K, reserved 1062912K
  class space    used 1878K, capacity 1952K, committed 2048K, reserved 1048576K
Event: 4.606 GC heap after
Heap after GC invocations=3 (full 0):
 PSYoungGen      total 71680K, used 5120K [0x00000000d5f00000, 0x00000000deb00000, 0x0000000100000000)
  eden space 66560K, 0% used [0x00000000d5f00000,0x00000000d5f00000,0x00000000da000000)
  from space 5120K, 100% used [0x00000000da000000,0x00000000da500000,0x00000000da500000)
  to   space 5120K, 0% used [0x00000000de600000,0x00000000de600000,0x00000000deb00000)
 ParOldGen       total 87552K, used 6238K [0x0000000081c00000, 0x0000000087180000, 0x00000000d5f00000)
  object space 87552K, 7% used [0x0000000081c00000,0x0000000082217910,0x0000000087180000)
 Metaspace       used 15537K, capacity 15844K, committed 16128K, reserved 1062912K
  class space    used 1878K, capacity 1952K, committed 2048K, reserved 1048576K
}
Event: 7.541 GC heap before
{Heap before GC invocations=4 (full 0):
 PSYoungGen      total 71680K, used 71680K [0x00000000d5f00000, 0x00000000deb00000, 0x0000000100000000)
  eden space 66560K, 100% used [0x00000000d5f00000,0x00000000da000000,0x00000000da000000)
  from space 5120K, 100% used [0x00000000da000000,0x00000000da500000,0x00000000da500000)
  to   space 5120K, 0% used [0x00000000de600000,0x00000000de600000,0x00000000deb00000)
 ParOldGen       total 87552K, used 6238K [0x0000000081c00000, 0x0000000087180000, 0x00000000d5f00000)
  object space 87552K, 7% used [0x0000000081c00000,0x0000000082217910,0x0000000087180000)
 Metaspace       used 19667K, capacity 20236K, committed 20608K, reserved 1067008K
  class space    used 2392K, capacity 2562K, committed 2688K, reserved 1048576K
Event: 7.566 GC heap after
Heap after GC invocations=4 (full 0):
 PSYoungGen      total 138240K, used 5104K [0x00000000d5f00000, 0x00000000deb00000, 0x0000000100000000)
  eden space 133120K, 0% used [0x00000000d5f00000,0x00000000d5f00000,0x00000000de100000)
  from space 5120K, 99% used [0x00000000de600000,0x00000000deafc030,0x00000000deb00000)
  to   space 5120K, 0% used [0x00000000de100000,0x00000000de100000,0x00000000de600000)
 ParOldGen       total 87552K, used 11172K [0x0000000081c00000, 0x0000000087180000, 0x00000000d5f00000)
  object space 87552K, 12% used [0x0000000081c00000,0x00000000826e91f8,0x0000000087180000)
 Metaspace       used 19667K, capacity 20236K, committed 20608K, reserved 1067008K
  class space    used 2392K, capacity 2562K, committed 2688K, reserved 1048576K
}
Event: 7.791 GC heap before
{Heap before GC invocations=5 (full 0):
 PSYoungGen      total 138240K, used 10335K [0x00000000d5f00000, 0x00000000deb00000, 0x0000000100000000)
  eden space 133120K, 3% used [0x00000000d5f00000,0x00000000d641bf10,0x00000000de100000)
  from space 5120K, 99% used [0x00000000de600000,0x00000000deafc030,0x00000000deb00000)
  to   space 5120K, 0% used [0x00000000de100000,0x00000000de100000,0x00000000de600000)
 ParOldGen       total 87552K, used 11172K [0x0000000081c00000, 0x0000000087180000, 0x00000000d5f00000)
  object space 87552K, 12% used [0x0000000081c00000,0x00000000826e91f8,0x0000000087180000)
 Metaspace       used 20663K, capacity 21164K, committed 21296K, reserved 1069056K
  class space    used 2508K, capacity 2658K, committed 2688K, reserved 1048576K
Event: 7.805 GC heap after
Heap after GC invocations=5 (full 0):
 PSYoungGen      total 138240K, used 5104K [0x00000000d5f00000, 0x00000000e7b00000, 0x0000000100000000)
  eden space 133120K, 0% used [0x00000000d5f00000,0x00000000d5f00000,0x00000000de100000)
  from space 5120K, 99% used [0x00000000de100000,0x00000000de5fc010,0x00000000de600000)
  to   space 12288K, 0% used [0x00000000e6f00000,0x00000000e6f00000,0x00000000e7b00000)
 ParOldGen       total 87552K, used 11532K [0x0000000081c00000, 0x0000000087180000, 0x00000000d5f00000)
  object space 87552K, 13% used [0x0000000081c00000,0x00000000827431f8,0x0000000087180000)
 Metaspace       used 20663K, capacity 21164K, committed 21296K, reserved 1069056K
  class space    used 2508K, capacity 2658K, committed 2688K, reserved 1048576K
}
Event: 7.805 GC heap before
{Heap before GC invocations=6 (full 1):
 PSYoungGen      total 138240K, used 5104K [0x00000000d5f00000, 0x00000000e7b00000, 0x0000000100000000)
  eden space 133120K, 0% used [0x00000000d5f00000,0x00000000d5f00000,0x00000000de100000)
  from space 5120K, 99% used [0x00000000de100000,0x00000000de5fc010,0x00000000de600000)
  to   space 12288K, 0% used [0x00000000e6f00000,0x00000000e6f00000,0x00000000e7b00000)
 ParOldGen       total 87552K, used 11532K [0x0000000081c00000, 0x0000000087180000, 0x00000000d5f00000)
  object space 87552K, 13% used [0x0000000081c00000,0x00000000827431f8,0x0000000087180000)
 Metaspace       used 20663K, capacity 21164K, committed 21296K, reserved 1069056K
  class space    used 2508K, capacity 2658K, committed 2688K, reserved 1048576K
Event: 7.929 GC heap after
Heap after GC invocations=6 (full 1):
 PSYoungGen      total 138240K, used 0K [0x00000000d5f00000, 0x00000000e7b00000, 0x0000000100000000)
  eden space 133120K, 0% used [0x00000000d5f00000,0x00000000d5f00000,0x00000000de100000)
  from space 5120K, 0% used [0x00000000de100000,0x00000000de100000,0x00000000de600000)
  to   space 12288K, 0% used [0x00000000e6f00000,0x00000000e6f00000,0x00000000e7b00000)
 ParOldGen       total 68608K, used 14610K [0x0000000081c00000, 0x0000000085f00000, 0x00000000d5f00000)
  object space 68608K, 21% used [0x0000000081c00000,0x0000000082a44ba0,0x0000000085f00000)
 Metaspace       used 20663K, capacity 21164K, committed 21296K, reserved 1069056K
  class space    used 2508K, capacity 2658K, committed 2688K, reserved 1048576K
}

